Arguments: 
  /usr/local/bin/node /usr/local/Cellar/yarn/1.21.1/libexec/bin/yarn.js

PATH: 
  /usr/local/php5/bin:/usr/local/bin:/usr/bin:/bin:/usr/sbin:/sbin:/usr/local/php5/bin:/usr/local/mongodb/bin:/usr/local/mongodb/bin

Yarn version: 
  1.21.1

Node version: 
  10.16.0

Platform: 
  darwin x64

Trace: 
  SyntaxError: /Users/jacobfletcher/dev/npm/react-node-position/package.json: Unexpected token < in JSON at position 423
      at JSON.parse (<anonymous>)
      at /usr/local/Cellar/yarn/1.21.1/libexec/lib/cli.js:1625:59
      at Generator.next (<anonymous>)
      at step (/usr/local/Cellar/yarn/1.21.1/libexec/lib/cli.js:310:30)
      at /usr/local/Cellar/yarn/1.21.1/libexec/lib/cli.js:321:13

npm manifest: 
  {
    "name": "@trbl/react-node-position",
    "version": "1.0.0",
    "main": "dist/build.bundle.js",
    "repository": "git@github.com:trouble/react-node-position.git",
    "description": "Send nodes.",
    "author": "<info@trbl.design>",
    "license": "MIT",
    "keywords": [
      "react",
      "react-component",
      "node",
      "dom",
      "getBoundingClientRect",
      "DOMRect",
      "position",
      "ui",
      "ux"
    ],
    "scripts": {
  <<<<<<< Updated upstream
      "build": "yarn run lint && webpack --config webpack.production.config.js",
      "dev": "webpack-dev-server --hot --inline --config webpack.development.config.js",
      "lint": "eslint .",
      "test": "echo \"No test specified\""
  =======
      "build": "yarn lint && yarn test && webpack --config webpack.production.config.js",
      "dev": "webpack-dev-server --hot --inline --config webpack.development.config.js",
      "lint": "eslint .",
      "test": "jest"
  >>>>>>> Stashed changes
    },
    "peerDependencies": {
      "react": "^16.8.0"
    },
    "dependencies": {
      "@trbl/react-scroll-info": "^1.0.0",
      "@trbl/react-window-info": "^1.0.0",
      "prop-types": "^15.7.2",
      "react": "^16.11.0",
      "react-dom": "^16.11.0"
    },
    "devDependencies": {
      "@babel/core": "^7.7.7",
      "@babel/plugin-proposal-class-properties": "^7.5.5",
      "@babel/preset-env": "^7.7.7",
      "@babel/preset-react": "^7.0.0",
      "@trbl/eslint-config": "^1.2.1",
      "babel-eslint": "^10.0.3",
      "babel-loader": "^8.0.6",
      "eslint": "^6.8.0",
      "eslint-loader": "^3.0.3",
      "enzyme": "^3.11.0",
      "enzyme-adapter-react-16": "^1.15.2",
      "eslint-config-airbnb": "^17.1.0",
      "eslint-plugin-import": "^2.19.1",
      "eslint-plugin-jest": "^23.3.0",
      "eslint-plugin-jest-dom": "^1.4.2",
      "eslint-plugin-jsx-a11y": "^6.2.3",
      "eslint-plugin-react": "^7.17.0",
      "eslint-plugin-react-hooks": "^2.3.0",
      "html-webpack-plugin": "^3.2.0",
      "jest": "^24.9.0",
      "react-hot-loader": "^4.12.14",
      "webpack": "^4.41.0",
      "webpack-cli": "^3.3.9",
      "webpack-dev-server": "^3.8.2"
    },
    "files": [
      "dist"
    ]
  }

yarn manifest: 
  No manifest

Lockfile: 
  No lockfile
